Performing C SOURCE FILE Test CMAKE_HAVE_LIBC_PTHREAD failed with the following output:
Change Dir: /home/wht/Documents/test/CUDA_Freshman/CMakeFiles/CMakeTmp

Run Build Command(s):/usr/bin/make cmTC_572c3/fast && make[1]: 进入目录“/home/wht/Documents/test/CUDA_Freshman/CMakeFiles/CMakeTmp”
/usr/bin/make -f CMakeFiles/cmTC_572c3.dir/build.make CMakeFiles/cmTC_572c3.dir/build
make[2]: 进入目录“/home/wht/Documents/test/CUDA_Freshman/CMakeFiles/CMakeTmp”
Building C object CMakeFiles/cmTC_572c3.dir/src.c.o
/usr/bin/cc   -fPIC -DCMAKE_HAVE_LIBC_PTHREAD   -o CMakeFiles/cmTC_572c3.dir/src.c.o   -c /home/wht/Documents/test/CUDA_Freshman/CMakeFiles/CMakeTmp/src.c
Linking C executable cmTC_572c3
/usr/bin/cmake -E cmake_link_script CMakeFiles/cmTC_572c3.dir/link.txt --verbose=1
/usr/bin/cc -fPIC -DCMAKE_HAVE_LIBC_PTHREAD    CMakeFiles/cmTC_572c3.dir/src.c.o  -o cmTC_572c3 
/usr/bin/ld: CMakeFiles/cmTC_572c3.dir/src.c.o: in function `main':
src.c:(.text+0x3e): undefined reference to `pthread_create'
/usr/bin/ld: src.c:(.text+0x4a): undefined reference to `pthread_detach'
/usr/bin/ld: src.c:(.text+0x5b): undefined reference to `pthread_join'
collect2: error: ld returned 1 exit status
make[2]: *** [CMakeFiles/cmTC_572c3.dir/build.make:87：cmTC_572c3] 错误 1
make[2]: 离开目录“/home/wht/Documents/test/CUDA_Freshman/CMakeFiles/CMakeTmp”
make[1]: *** [Makefile:121：cmTC_572c3/fast] 错误 2
make[1]: 离开目录“/home/wht/Documents/test/CUDA_Freshman/CMakeFiles/CMakeTmp”


Source file was:
#include <pthread.h>

void* test_func(void* data)
{
  return data;
}

int main(void)
{
  pthread_t thread;
  pthread_create(&thread, NULL, test_func, NULL);
  pthread_detach(thread);
  pthread_join(thread, NULL);
  pthread_atfork(NULL, NULL, NULL);
  pthread_exit(NULL);

  return 0;
}

Determining if the function pthread_create exists in the pthreads failed with the following output:
Change Dir: /home/wht/Documents/test/CUDA_Freshman/CMakeFiles/CMakeTmp

Run Build Command(s):/usr/bin/make cmTC_3f10c/fast && make[1]: 进入目录“/home/wht/Documents/test/CUDA_Freshman/CMakeFiles/CMakeTmp”
/usr/bin/make -f CMakeFiles/cmTC_3f10c.dir/build.make CMakeFiles/cmTC_3f10c.dir/build
make[2]: 进入目录“/home/wht/Documents/test/CUDA_Freshman/CMakeFiles/CMakeTmp”
Building C object CMakeFiles/cmTC_3f10c.dir/CheckFunctionExists.c.o
/usr/bin/cc   -fPIC -DCHECK_FUNCTION_EXISTS=pthread_create   -o CMakeFiles/cmTC_3f10c.dir/CheckFunctionExists.c.o   -c /usr/share/cmake-3.16/Modules/CheckFunctionExists.c
Linking C executable cmTC_3f10c
/usr/bin/cmake -E cmake_link_script CMakeFiles/cmTC_3f10c.dir/link.txt --verbose=1
/usr/bin/cc -fPIC -DCHECK_FUNCTION_EXISTS=pthread_create    CMakeFiles/cmTC_3f10c.dir/CheckFunctionExists.c.o  -o cmTC_3f10c  -lpthreads 
/usr/bin/ld: 找不到 -lpthreads
collect2: error: ld returned 1 exit status
make[2]: *** [CMakeFiles/cmTC_3f10c.dir/build.make:87：cmTC_3f10c] 错误 1
make[2]: 离开目录“/home/wht/Documents/test/CUDA_Freshman/CMakeFiles/CMakeTmp”
make[1]: *** [Makefile:121：cmTC_3f10c/fast] 错误 2
make[1]: 离开目录“/home/wht/Documents/test/CUDA_Freshman/CMakeFiles/CMakeTmp”



